0 info it worked if it ends with ok
1 verbose cli [ 'node',
1 verbose cli   '/usr/local/bin/npm',
1 verbose cli   'install',
1 verbose cli   'karma-chia',
1 verbose cli   '--save-dev' ]
2 info using npm@1.4.28
3 info using node@v0.10.33
4 warn package.json manhattan@1.0.0 No repository field.
5 warn package.json manhattan@1.0.0 No README data
6 warn package.json karma-chrome-launcher@0.1.7 No README data
7 verbose readDependencies using package.json deps
8 verbose cache add [ 'karma-chia', null ]
9 verbose cache add name=undefined spec="karma-chia" args=["karma-chia",null]
10 verbose parsed url { protocol: null,
10 verbose parsed url   slashes: null,
10 verbose parsed url   auth: null,
10 verbose parsed url   host: null,
10 verbose parsed url   port: null,
10 verbose parsed url   hostname: null,
10 verbose parsed url   hash: null,
10 verbose parsed url   search: null,
10 verbose parsed url   query: null,
10 verbose parsed url   pathname: 'karma-chia',
10 verbose parsed url   path: 'karma-chia',
10 verbose parsed url   href: 'karma-chia' }
11 silly lockFile 10842317-karma-chia karma-chia
12 verbose lock karma-chia /Users/chiahsin/.npm/10842317-karma-chia.lock
13 silly lockFile 10842317-karma-chia karma-chia
14 silly lockFile 10842317-karma-chia karma-chia
15 verbose addNamed [ 'karma-chia', '' ]
16 verbose addNamed [ null, '*' ]
17 silly lockFile 81661bf4-karma-chia karma-chia@
18 verbose lock karma-chia@ /Users/chiahsin/.npm/81661bf4-karma-chia.lock
19 silly addNameRange { name: 'karma-chia', range: '*', hasData: false }
20 verbose request where is /karma-chia
21 verbose request registry https://registry.npmjs.org/
22 verbose request id 1a1bb4b5f09e3108
23 verbose url raw /karma-chia
24 verbose url resolving [ 'https://registry.npmjs.org/', './karma-chia' ]
25 verbose url resolved https://registry.npmjs.org/karma-chia
26 verbose request where is https://registry.npmjs.org/karma-chia
27 info trying registry request attempt 1 at 17:30:23
28 http GET https://registry.npmjs.org/karma-chia
29 http 404 https://registry.npmjs.org/karma-chia
30 verbose headers { date: 'Thu, 18 Dec 2014 01:30:23 GMT',
30 verbose headers   server: 'CouchDB/1.5.0 (Erlang OTP/R16B03)',
30 verbose headers   'content-type': 'application/json',
30 verbose headers   'cache-control': 'max-age=0',
30 verbose headers   'content-length': '52',
30 verbose headers   'accept-ranges': 'bytes',
30 verbose headers   via: '1.1 varnish',
30 verbose headers   age: '0',
30 verbose headers   'x-served-by': 'cache-sjc3134-SJC',
30 verbose headers   'x-cache': 'MISS',
30 verbose headers   'x-cache-hits': '0',
30 verbose headers   'x-timer': 'S1418866223.410180,VS0,VE35',
30 verbose headers   'keep-alive': 'timeout=10, max=50',
30 verbose headers   connection: 'Keep-Alive' }
31 silly registry.get cb [ 404,
31 silly registry.get   { date: 'Thu, 18 Dec 2014 01:30:23 GMT',
31 silly registry.get     server: 'CouchDB/1.5.0 (Erlang OTP/R16B03)',
31 silly registry.get     'content-type': 'application/json',
31 silly registry.get     'cache-control': 'max-age=0',
31 silly registry.get     'content-length': '52',
31 silly registry.get     'accept-ranges': 'bytes',
31 silly registry.get     via: '1.1 varnish',
31 silly registry.get     age: '0',
31 silly registry.get     'x-served-by': 'cache-sjc3134-SJC',
31 silly registry.get     'x-cache': 'MISS',
31 silly registry.get     'x-cache-hits': '0',
31 silly registry.get     'x-timer': 'S1418866223.410180,VS0,VE35',
31 silly registry.get     'keep-alive': 'timeout=10, max=50',
31 silly registry.get     connection: 'Keep-Alive' } ]
32 silly lockFile 81661bf4-karma-chia karma-chia@
33 silly lockFile 81661bf4-karma-chia karma-chia@
34 error 404 404 Not Found: karma-chia
34 error 404
34 error 404 'karma-chia' is not in the npm registry.
34 error 404 You should bug the author to publish it
34 error 404 It was specified as a dependency of 'manhattan'
34 error 404
34 error 404 Note that you can also install from a
34 error 404 tarball, folder, or http url, or git url.
35 error System Darwin 14.0.0
36 error command "node" "/usr/local/bin/npm" "install" "karma-chia" "--save-dev"
37 error cwd /Users/chiahsin/Documents/hack-reactor/thesis project/manhattan
38 error node -v v0.10.33
39 error npm -v 1.4.28
40 error code E404
41 verbose exit [ 1, true ]
